<?xml version="1.0" encoding="UTF-8"?>
<!-- Generated by org.testng.reporters.JUnitXMLReporter -->
<testsuite ignored="0" hostname="DESKTOP-Q9R4LGA" failures="0" tests="3" name="Default test" time="15.257" errors="0" timestamp="2023-11-16T11:21:43 WIB">
  <testcase classname="org.selenium.orangeHRM.test.ResetPasswordTest" name="RST002" time="1.819"/>
  <testcase classname="org.selenium.orangeHRM.test.ResetPasswordTest" name="RST003" time="1.063"/>
  <testcase classname="org.selenium.orangeHRM.test.ResetPasswordTest" name="RST001" time="2.187"/>
</testsuite> <!-- Default test -->
