<?xml version="1.0" encoding="UTF-8"?>
<!-- Generated by org.testng.reporters.JUnitXMLReporter -->
<testsuite ignored="0" hostname="DESKTOP-Q9R4LGA" failures="0" tests="3" name="Default test" time="14.502" errors="0" timestamp="2023-11-15T23:33:52 WIB">
  <testcase classname="org.selenium.orangeHRM.test.basic" name="LGN002" time="0.733"/>
  <testcase classname="org.selenium.orangeHRM.test.basic" name="LGN003" time="0.212"/>
  <testcase classname="org.selenium.orangeHRM.test.basic" name="LGN001" time="3.147"/>
</testsuite> <!-- Default test -->
